read/build/outputs/logs/manifest-merger-debug-report.txt
-- Merging decision tree log ---
manifest
ADDED from src/main/AndroidManifest.xml:2:1-140:12
	package
		ADDED from src/main/AndroidManifest.xml:3:5-30
		INJECTED from src/main/AndroidManifest.xml
		INJECTED from src/main/AndroidManifest.xml
	android:versionName
		ADDED from src/main/AndroidManifest.xml:5:5-30
		INJECTED from src/main/AndroidManifest.xml
		INJECTED from src/main/AndroidManifest.xml
	android:versionCode
		ADDED from src/main/AndroidManifest.xml:4:5-28
		INJECTED from src/main/AndroidManifest.xml
		INJECTED from src/main/AndroidManifest.xml
	xmlns:android
		ADDED from src/main/AndroidManifest.xml:2:11-69
uses-sdk
ADDED from src/main/AndroidManifest.xml:7:5-9:41
MERGED from [Read-android:read_ngc_core_lib:unspecified] AndroidManifest.xml:7:5-9:41
	android:targetSdkVersion
		ADDED from src/main/AndroidManifest.xml:9:9-38
		INJECTED from src/main/AndroidManifest.xml
		INJECTED from src/main/AndroidManifest.xml
	android:minSdkVersion
		ADDED from src/main/AndroidManifest.xml:8:9-35
		INJECTED from src/main/AndroidManifest.xml
		INJECTED from src/main/AndroidManifest.xml
uses-permission#android.permission.CAMERA
ADDED from src/main/AndroidManifest.xml:11:5-65
MERGED from [Read-android:read_ngc_core_lib:unspecified] AndroidManifest.xml:14:5-65
	android:name
		ADDED from src/main/AndroidManifest.xml:11:22-62
uses-permission#android.permission.INTERNET
ADDED from src/main/AndroidManifest.xml:13:5-67
MERGED from [Read-android:read_ngc_core_lib:unspecified] AndroidManifest.xml:15:5-67
	android:name
		ADDED from src/main/AndroidManifest.xml:13:22-64
uses-permission#android.permission.WRITE_EXTERNAL_STORAGE
ADDED from src/main/AndroidManifest.xml:15:5-81
	android:name
		ADDED from src/main/AndroidManifest.xml:15:22-78
uses-permission#android.permission.WRITE_SETTINGS
ADDED from src/main/AndroidManifest.xml:16:5-73
	android:name
		ADDED from src/main/AndroidManifest.xml:16:22-70
uses-permission#android.permission.CHANGE_WIFI_STATE
ADDED from src/main/AndroidManifest.xml:17:5-76
	android:name
		ADDED from src/main/AndroidManifest.xml:17:22-73
uses-permission#android.permission.ACCESS_WIFI_STATE
ADDED from src/main/AndroidManifest.xml:18:5-76
	android:name
		ADDED from src/main/AndroidManifest.xml:18:22-73
uses-permission#android.permission.ACCESS_NETWORK_STATE
ADDED from src/main/AndroidManifest.xml:19:5-79
	android:name
		ADDED from src/main/AndroidManifest.xml:19:22-76
uses-permission#android.permission.WAKE_LOCK
ADDED from src/main/AndroidManifest.xml:20:5-68
	android:name
		ADDED from src/main/AndroidManifest.xml:20:22-65
uses-permission#android.permission.READ_PHONE_STATE
ADDED from src/main/AndroidManifest.xml:21:5-22:23
	android:name
		ADDED from src/main/AndroidManifest.xml:21:22-72
uses-permission#android.permission.RECORD_AUDIO
ADDED from src/main/AndroidManifest.xml:23:5-71
	android:name
		ADDED from src/main/AndroidManifest.xml:23:22-68
application
ADDED from src/main/AndroidManifest.xml:25:5-138:19
MERGED from [Read-android:read_ngc_core_lib:unspecified] AndroidManifest.xml:19:5-20:19
	android:label
		ADDED from src/main/AndroidManifest.xml:29:9-41
	android:allowBackup
		ADDED from src/main/AndroidManifest.xml:27:9-35
	android:icon
		ADDED from src/main/AndroidManifest.xml:28:9-45
	android:theme
		ADDED from src/main/AndroidManifest.xml:30:9-40
	android:name
		ADDED from src/main/AndroidManifest.xml:26:9-51
activity#com.read.mobile.module.activity.WelcomeActivity
ADDED from src/main/AndroidManifest.xml:31:9-39:20
	android:label
		ADDED from src/main/AndroidManifest.xml:33:13-45
	android:name
		ADDED from src/main/AndroidManifest.xml:32:13-75
intent-filter#android.intent.action.MAIN+android.intent.category.LAUNCHER
ADDED from src/main/AndroidManifest.xml:34:13-38:29
action#android.intent.action.MAIN
ADDED from src/main/AndroidManifest.xml:35:17-69
	android:name
		ADDED from src/main/AndroidManifest.xml:35:25-66
category#android.intent.category.LAUNCHER
ADDED from src/main/AndroidManifest.xml:37:17-77
	android:name
		ADDED from src/main/AndroidManifest.xml:37:27-74
activity#com.read.mobile.module.activity.LoginActivity
ADDED from src/main/AndroidManifest.xml:40:9-41:20
	android:name
		ADDED from src/main/AndroidManifest.xml:40:19-79
activity#com.read.mobile.module.activity.RegistActivity
ADDED from src/main/AndroidManifest.xml:42:9-43:20
	android:name
		ADDED from src/main/AndroidManifest.xml:42:19-80
activity#com.read.mobile.module.activity.ForgotActivity
ADDED from src/main/AndroidManifest.xml:44:9-45:20
	android:name
		ADDED from src/main/AndroidManifest.xml:44:19-80
activity#com.read.mobile.module.activity.MainActivity
ADDED from src/main/AndroidManifest.xml:46:9-47:20
	android:name
		ADDED from src/main/AndroidManifest.xml:46:19-78
activity#com.read.mobile.module.activity.SettingActivity
ADDED from src/main/AndroidManifest.xml:48:9-49:20
	android:name
		ADDED from src/main/AndroidManifest.xml:48:19-81
activity#com.read.mobile.module.activity.InfoEditActivity
ADDED from src/main/AndroidManifest.xml:50:9-51:20
	android:name
		ADDED from src/main/AndroidManifest.xml:50:19-82
activity#com.read.mobile.module.activity.ChangePassActivity
ADDED from src/main/AndroidManifest.xml:52:9-53:20
	android:name
		ADDED from src/main/AndroidManifest.xml:52:19-84
activity#com.read.mobile.module.activity.BookListActivity
ADDED from src/main/AndroidManifest.xml:54:9-55:20
	android:name
		ADDED from src/main/AndroidManifest.xml:54:19-82
activity#com.read.mobile.module.activity.BookDetailActivity
ADDED from src/main/AndroidManifest.xml:56:9-57:20
	android:name
		ADDED from src/main/AndroidManifest.xml:56:19-84
activity#com.read.mobile.module.activity.ChildInfoActivity
ADDED from src/main/AndroidManifest.xml:58:9-59:20
	android:name
		ADDED from src/main/AndroidManifest.xml:58:19-83
activity#com.read.mobile.module.activity.FavorListActivity
ADDED from src/main/AndroidManifest.xml:60:9-61:20
	android:name
		ADDED from src/main/AndroidManifest.xml:60:19-83
activity#com.read.mobile.module.activity.NoteBookListActivity
ADDED from src/main/AndroidManifest.xml:62:9-63:20
	android:name
		ADDED from src/main/AndroidManifest.xml:62:19-86
activity#com.read.mobile.module.activity.NoteVoiceActivity
ADDED from src/main/AndroidManifest.xml:64:9-65:20
	android:name
		ADDED from src/main/AndroidManifest.xml:64:19-83
activity#com.read.mobile.module.activity.NoteWriteActivity
ADDED from src/main/AndroidManifest.xml:66:9-67:20
	android:name
		ADDED from src/main/AndroidManifest.xml:66:19-83
activity#com.read.mobile.module.activity.BookSearchActivity
ADDED from src/main/AndroidManifest.xml:68:9-69:20
	android:name
		ADDED from src/main/AndroidManifest.xml:68:19-84
activity#com.read.mobile.module.activity.MulBookListActivity
ADDED from src/main/AndroidManifest.xml:70:9-71:20
	android:name
		ADDED from src/main/AndroidManifest.xml:70:19-85
activity#com.read.mobile.module.activity.NoteDetailActivity
ADDED from src/main/AndroidManifest.xml:72:9-73:20
	android:name
		ADDED from src/main/AndroidManifest.xml:72:19-84
activity#com.sina.weibo.sdk.component.WeiboSdkBrowser
ADDED from src/main/AndroidManifest.xml:76:9-81:20
	android:exported
		ADDED from src/main/AndroidManifest.xml:79:13-37
	android:windowSoftInputMode
		ADDED from src/main/AndroidManifest.xml:80:13-55
	android:configChanges
		ADDED from src/main/AndroidManifest.xml:78:13-63
	android:name
		ADDED from src/main/AndroidManifest.xml:77:13-72
service#com.sina.weibo.sdk.net.DownloadService
ADDED from src/main/AndroidManifest.xml:83:9-86:19
	android:exported
		ADDED from src/main/AndroidManifest.xml:85:13-37
	android:name
		ADDED from src/main/AndroidManifest.xml:84:13-66
receiver#com.tencent.mm.sdk.channel.MMessage$Receiver
ADDED from src/main/AndroidManifest.xml:88:9-94:20
	android:permission
		ADDED from src/main/AndroidManifest.xml:90:13-71
	android:name
		ADDED from src/main/AndroidManifest.xml:89:13-72
intent-filter#com.tencent.mm.sdk.channel.Intent.ACTION_MESSAGE
ADDED from src/main/AndroidManifest.xml:91:13-93:29
action#com.tencent.mm.sdk.channel.Intent.ACTION_MESSAGE
ADDED from src/main/AndroidManifest.xml:92:17-91
	android:name
		ADDED from src/main/AndroidManifest.xml:92:25-88
activity#com.tencent.tauth.AuthActivity
ADDED from src/main/AndroidManifest.xml:97:9-109:20
	android:launchMode
		ADDED from src/main/AndroidManifest.xml:99:13-44
	android:noHistory
		ADDED from src/main/AndroidManifest.xml:100:13-37
	android:name
		ADDED from src/main/AndroidManifest.xml:98:13-58
intent-filter#android.intent.action.VIEW+android.intent.category.BROWSABLE+android.intent.category.DEFAULT
ADDED from src/main/AndroidManifest.xml:101:13-108:29
action#android.intent.action.VIEW
ADDED from src/main/AndroidManifest.xml:102:17-69
	android:name
		ADDED from src/main/AndroidManifest.xml:102:25-66
category#android.intent.category.DEFAULT
ADDED from src/main/AndroidManifest.xml:104:17-76
	android:name
		ADDED from src/main/AndroidManifest.xml:104:27-73
category#android.intent.category.BROWSABLE
ADDED from src/main/AndroidManifest.xml:105:17-78
	android:name
		ADDED from src/main/AndroidManifest.xml:105:27-75
data
ADDED from src/main/AndroidManifest.xml:107:17-60
	android:scheme
		ADDED from src/main/AndroidManifest.xml:107:23-57
activity#com.tencent.connect.common.AssistActivity
ADDED from src/main/AndroidManifest.xml:110:9-113:75
	android:configChanges
		ADDED from src/main/AndroidManifest.xml:112:13-74
	android:theme
		ADDED from src/main/AndroidManifest.xml:113:13-72
	android:name
		ADDED from src/main/AndroidManifest.xml:111:13-69
service#com.umeng.update.net.DownloadingService
ADDED from src/main/AndroidManifest.xml:115:9-118:19
	android:process
		ADDED from src/main/AndroidManifest.xml:117:13-50
	android:name
		ADDED from src/main/AndroidManifest.xml:116:13-67
activity#com.umeng.update.UpdateDialogActivity
ADDED from src/main/AndroidManifest.xml:120:9-123:20
	android:theme
		ADDED from src/main/AndroidManifest.xml:122:13-72
	android:name
		ADDED from src/main/AndroidManifest.xml:121:13-65
activity#com.umeng.fb.ConversationActivity
ADDED from src/main/AndroidManifest.xml:124:9-126:63
	android:theme
		ADDED from src/main/AndroidManifest.xml:126:13-60
	android:name
		ADDED from src/main/AndroidManifest.xml:125:13-61
activity#com.umeng.fb.ContactActivity
ADDED from src/main/AndroidManifest.xml:127:9-129:63
	android:theme
		ADDED from src/main/AndroidManifest.xml:129:13-60
	android:name
		ADDED from src/main/AndroidManifest.xml:128:13-56
meta-data#UMENG_APPKEY
ADDED from src/main/AndroidManifest.xml:131:9-134:21
	android:value
		ADDED from src/main/AndroidManifest.xml:133:13-53
	android:name
		ADDED from src/main/AndroidManifest.xml:132:13-40
meta-data#UMENG_CHANNEL
ADDED from src/main/AndroidManifest.xml:135:9-137:37
	android:value
		ADDED from src/main/AndroidManifest.xml:137:13-34
	android:name
		ADDED from src/main/AndroidManifest.xml:136:13-41
uses-feature#android.hardware.camera
ADDED from [Read-android:read_ngc_core_lib:unspecified] AndroidManifest.xml:11:5-60
	android:name
		ADDED from [Read-android:read_ngc_core_lib:unspecified] AndroidManifest.xml:11:19-57
uses-feature#android.hardware.camera.autofocus
ADDED from [Read-android:read_ngc_core_lib:unspecified] AndroidManifest.xml:12:5-70
	android:name
		ADDED from [Read-android:read_ngc_core_lib:unspecified] AndroidManifest.xml:12:19-67
uses-permission#android.permission.VIBRATE
ADDED from [Read-android:read_ngc_core_lib:unspecified] AndroidManifest.xml:16:5-66
	android:name
		ADDED from [Read-android:read_ngc_core_lib:unspecified] AndroidManifest.xml:16:22-63
uses-permission#android.permission.FLASHLIGHT
ADDED from [Read-android:read_ngc_core_lib:unspecified] AndroidManifest.xml:17:5-69
	android:name
		ADDED from [Read-android:read_ngc_core_lib:unspecified] AndroidManifest.xml:17:22-66